{"C:\\wamp64\\www\\backend-projet-master\\lib\\index.ts": {"path":"C:\\wamp64\\www\\backend-projet-master\\lib\\index.ts","statementMap":{"0":{"start":{"line":1,"column":0},"end":{"line":1,"column":23}},"1":{"start":{"line":3,"column":0},"end":{"line":3,"column":30}},"2":{"start":{"line":4,"column":0},"end":{"line":4,"column":41}},"3":{"start":{"line":5,"column":0},"end":{"line":5,"column":58}},"4":{"start":{"line":6,"column":0},"end":{"line":6,"column":68}},"5":{"start":{"line":9,"column":0},"end":{"line":9,"column":24}},"6":{"start":{"line":11,"column":13},"end":{"line":11,"column":29}},"7":{"start":{"line":13,"column":0},"end":{"line":16,"column":null}},"8":{"start":{"line":14,"column":2},"end":{"line":14,"column":71}},"9":{"start":{"line":15,"column":2},"end":{"line":15,"column":18}},"10":{"start":{"line":17,"column":12},"end":{"line":17,"column":21}},"11":{"start":{"line":19,"column":0},"end":{"line":19,"column":16}},"12":{"start":{"line":20,"column":0},"end":{"line":20,"column":24}},"13":{"start":{"line":22,"column":0},"end":{"line":25,"column":3}},"14":{"start":{"line":23,"column":18},"end":{"line":23,"column":31}},"15":{"start":{"line":24,"column":2},"end":{"line":24,"column":70}},"16":{"start":{"line":27,"column":0},"end":{"line":30,"column":3}},"17":{"start":{"line":28,"column":18},"end":{"line":28,"column":31}},"18":{"start":{"line":29,"column":2},"end":{"line":29,"column":48}},"19":{"start":{"line":32,"column":0},"end":{"line":35,"column":3}},"20":{"start":{"line":33,"column":18},"end":{"line":33,"column":31}},"21":{"start":{"line":34,"column":2},"end":{"line":34,"column":48}},"22":{"start":{"line":47,"column":0},"end":{"line":50,"column":3}},"23":{"start":{"line":48,"column":30},"end":{"line":48,"column":55}},"24":{"start":{"line":49,"column":2},"end":{"line":49,"column":45}},"25":{"start":{"line":52,"column":0},"end":{"line":60,"column":3}},"26":{"start":{"line":53,"column":18},"end":{"line":53,"column":31}},"27":{"start":{"line":54,"column":2},"end":{"line":59,"column":null}},"28":{"start":{"line":55,"column":29},"end":{"line":55,"column":67}},"29":{"start":{"line":56,"column":4},"end":{"line":56,"column":31}},"30":{"start":{"line":58,"column":4},"end":{"line":58,"column":43}},"31":{"start":{"line":62,"column":0},"end":{"line":67,"column":3}},"32":{"start":{"line":63,"column":2},"end":{"line":63,"column":null}},"33":{"start":{"line":64,"column":2},"end":{"line":64,"column":null}},"34":{"start":{"line":65,"column":18},"end":{"line":65,"column":31}},"35":{"start":{"line":66,"column":2},"end":{"line":66,"column":44}},"36":{"start":{"line":69,"column":0},"end":{"line":77,"column":3}},"37":{"start":{"line":70,"column":16},"end":{"line":70,"column":18}},"38":{"start":{"line":71,"column":2},"end":{"line":75,"column":5}},"39":{"start":{"line":72,"column":4},"end":{"line":74,"column":null}},"40":{"start":{"line":73,"column":6},"end":{"line":73,"column":74}},"41":{"start":{"line":76,"column":2},"end":{"line":76,"column":61}},"42":{"start":{"line":79,"column":0},"end":{"line":89,"column":3}},"43":{"start":{"line":81,"column":25},"end":{"line":81,"column":45}},"44":{"start":{"line":82,"column":2},"end":{"line":88,"column":null}},"45":{"start":{"line":83,"column":4},"end":{"line":83,"column":44}},"46":{"start":{"line":84,"column":4},"end":{"line":84,"column":56}},"47":{"start":{"line":86,"column":4},"end":{"line":86,"column":25}},"48":{"start":{"line":87,"column":4},"end":{"line":87,"column":63}},"49":{"start":{"line":91,"column":0},"end":{"line":94,"column":3}},"50":{"start":{"line":92,"column":18},"end":{"line":92,"column":31}},"51":{"start":{"line":93,"column":2},"end":{"line":93,"column":39}},"52":{"start":{"line":102,"column":0},"end":{"line":102,"column":19}}},"fnMap":{"0":{"name":"(anonymous_1)","decl":{"start":{"line":22,"column":26},"end":{"line":22,"column":31}},"loc":{"start":{"line":22,"column":45},"end":{"line":25,"column":1}}},"1":{"name":"(anonymous_2)","decl":{"start":{"line":27,"column":36},"end":{"line":27,"column":41}},"loc":{"start":{"line":27,"column":55},"end":{"line":30,"column":1}}},"2":{"name":"(anonymous_3)","decl":{"start":{"line":32,"column":36},"end":{"line":32,"column":41}},"loc":{"start":{"line":32,"column":55},"end":{"line":35,"column":1}}},"3":{"name":"(anonymous_4)","decl":{"start":{"line":47,"column":37},"end":{"line":47,"column":42}},"loc":{"start":{"line":47,"column":56},"end":{"line":50,"column":1}}},"4":{"name":"(anonymous_5)","decl":{"start":{"line":52,"column":34},"end":{"line":52,"column":39}},"loc":{"start":{"line":52,"column":53},"end":{"line":60,"column":1}}},"5":{"name":"(anonymous_6)","decl":{"start":{"line":62,"column":34},"end":{"line":62,"column":39}},"loc":{"start":{"line":62,"column":53},"end":{"line":67,"column":1}}},"6":{"name":"(anonymous_7)","decl":{"start":{"line":69,"column":13},"end":{"line":69,"column":14}},"loc":{"start":{"line":69,"column":26},"end":{"line":77,"column":1}}},"7":{"name":"(anonymous_8)","decl":{"start":{"line":71,"column":28},"end":{"line":71,"column":37}},"loc":{"start":{"line":71,"column":42},"end":{"line":75,"column":3}}},"8":{"name":"(anonymous_9)","decl":{"start":{"line":79,"column":25},"end":{"line":79,"column":30}},"loc":{"start":{"line":79,"column":44},"end":{"line":89,"column":1}}},"9":{"name":"(anonymous_10)","decl":{"start":{"line":91,"column":31},"end":{"line":91,"column":36}},"loc":{"start":{"line":91,"column":50},"end":{"line":94,"column":1}}}},"branchMap":{"0":{"loc":{"start":{"line":13,"column":0},"end":{"line":16,"column":null}},"type":"if","locations":[{"start":{"line":13,"column":0},"end":{"line":16,"column":null}}]},"1":{"loc":{"start":{"line":72,"column":4},"end":{"line":74,"column":null}},"type":"if","locations":[{"start":{"line":72,"column":4},"end":{"line":74,"column":null}}]},"2":{"loc":{"start":{"line":72,"column":8},"end":{"line":72,"column":67}},"type":"binary-expr","locations":[{"start":{"line":72,"column":8},"end":{"line":72,"column":19}},{"start":{"line":72,"column":23},"end":{"line":72,"column":39}},{"start":{"line":72,"column":43},"end":{"line":72,"column":67}}]}},"s":{"0":2,"1":2,"2":2,"3":2,"4":2,"5":2,"6":2,"7":2,"8":0,"9":0,"10":2,"11":2,"12":2,"13":2,"14":0,"15":0,"16":2,"17":0,"18":0,"19":2,"20":0,"21":0,"22":2,"23":0,"24":0,"25":2,"26":2,"27":2,"28":2,"29":2,"30":0,"31":2,"32":0,"33":0,"34":0,"35":0,"36":2,"37":0,"38":0,"39":0,"40":0,"41":0,"42":2,"43":0,"44":0,"45":0,"46":0,"47":0,"48":0,"49":2,"50":0,"51":0,"52":2},"f":{"0":0,"1":0,"2":0,"3":0,"4":2,"5":0,"6":0,"7":0,"8":0,"9":0},"b":{"0":[0],"1":[0],"2":[0,0,0]}}
,"C:\\wamp64\\www\\backend-projet-master\\lib\\services\\Booking\\booking.config.ts": {"path":"C:\\wamp64\\www\\backend-projet-master\\lib\\services\\Booking\\booking.config.ts","statementMap":{"0":{"start":{"line":1,"column":0},"end":{"line":1,"column":23}},"1":{"start":{"line":4,"column":49},"end":{"line":11,"column":2}},"2":{"start":{"line":13,"column":9},"end":{"line":13,"column":28}}},"fnMap":{},"branchMap":{"0":{"loc":{"start":{"line":5,"column":8},"end":{"line":5,"column":44}},"type":"binary-expr","locations":[{"start":{"line":5,"column":8},"end":{"line":5,"column":34}},{"start":{"line":5,"column":38},"end":{"line":5,"column":44}}]},"1":{"loc":{"start":{"line":6,"column":12},"end":{"line":6,"column":52}},"type":"binary-expr","locations":[{"start":{"line":6,"column":12},"end":{"line":6,"column":38}},{"start":{"line":6,"column":42},"end":{"line":6,"column":52}}]},"2":{"loc":{"start":{"line":8,"column":4},"end":{"line":8,"column":72}},"type":"binary-expr","locations":[{"start":{"line":8,"column":4},"end":{"line":8,"column":31}},{"start":{"line":8,"column":35},"end":{"line":8,"column":72}}]},"3":{"loc":{"start":{"line":10,"column":4},"end":{"line":10,"column":65}},"type":"binary-expr","locations":[{"start":{"line":10,"column":4},"end":{"line":10,"column":60}},{"start":{"line":10,"column":64},"end":{"line":10,"column":65}}]}},"s":{"0":2,"1":2,"2":2},"f":{},"b":{"0":[2,0],"1":[2,0],"2":[2,2],"3":[2,0]}}
,"C:\\wamp64\\www\\backend-projet-master\\lib\\services\\Booking\\index.ts": {"path":"C:\\wamp64\\www\\backend-projet-master\\lib\\services\\Booking\\index.ts","statementMap":{"0":{"start":{"line":2,"column":0},"end":{"line":2,"column":27}},"1":{"start":{"line":3,"column":0},"end":{"line":3,"column":55}},"2":{"start":{"line":6,"column":0},"end":{"line":6,"column":42}},"3":{"start":{"line":10,"column":4},"end":{"line":10,"column":12}},"4":{"start":{"line":13,"column":42},"end":{"line":21,"column":3}},"5":{"start":{"line":14,"column":31},"end":{"line":15,"column":null}},"6":{"start":{"line":18,"column":4},"end":{"line":20,"column":6}},"7":{"start":{"line":23,"column":28},"end":{"line":36,"column":3}},"8":{"start":{"line":24,"column":4},"end":{"line":35,"column":null}},"9":{"start":{"line":25,"column":21},"end":{"line":25,"column":57}},"10":{"start":{"line":27,"column":23},"end":{"line":29,"column":null}},"11":{"start":{"line":32,"column":6},"end":{"line":32,"column":22}},"12":{"start":{"line":34,"column":6},"end":{"line":34,"column":27}},"13":{"start":{"line":38,"column":46},"end":{"line":51,"column":3}},"14":{"start":{"line":39,"column":4},"end":{"line":50,"column":null}},"15":{"start":{"line":40,"column":21},"end":{"line":40,"column":57}},"16":{"start":{"line":42,"column":23},"end":{"line":44,"column":null}},"17":{"start":{"line":47,"column":6},"end":{"line":47,"column":22}},"18":{"start":{"line":49,"column":6},"end":{"line":49,"column":27}},"19":{"start":{"line":68,"column":24},"end":{"line":91,"column":3}},"20":{"start":{"line":69,"column":4},"end":{"line":90,"column":null}},"21":{"start":{"line":70,"column":52},"end":{"line":70,"column":60}},"22":{"start":{"line":72,"column":23},"end":{"line":77,"column":8}},"23":{"start":{"line":79,"column":21},"end":{"line":79,"column":57}},"24":{"start":{"line":81,"column":23},"end":{"line":84,"column":null}},"25":{"start":{"line":87,"column":6},"end":{"line":87,"column":42}},"26":{"start":{"line":94,"column":27},"end":{"line":134,"column":1}},"27":{"start":{"line":95,"column":2},"end":{"line":133,"column":null}},"28":{"start":{"line":96,"column":88},"end":{"line":96,"column":96}},"29":{"start":{"line":99,"column":21},"end":{"line":99,"column":62}},"30":{"start":{"line":100,"column":4},"end":{"line":100,"column":null}},"31":{"start":{"line":102,"column":21},"end":{"line":110,"column":6}},"32":{"start":{"line":111,"column":4},"end":{"line":111,"column":null}},"33":{"start":{"line":112,"column":19},"end":{"line":112,"column":55}},"34":{"start":{"line":113,"column":4},"end":{"line":113,"column":null}},"35":{"start":{"line":114,"column":21},"end":{"line":117,"column":null}},"36":{"start":{"line":120,"column":4},"end":{"line":120,"column":25}},"37":{"start":{"line":121,"column":4},"end":{"line":121,"column":20}},"38":{"start":{"line":123,"column":0},"end":{"line":132,"column":null}},"39":{"start":{"line":124,"column":19},"end":{"line":124,"column":38}},"40":{"start":{"line":125,"column":0},"end":{"line":129,"column":null}},"41":{"start":{"line":126,"column":0},"end":{"line":126,"column":70}},"42":{"start":{"line":128,"column":0},"end":{"line":128,"column":83}},"43":{"start":{"line":131,"column":0},"end":{"line":131,"column":49}},"44":{"start":{"line":137,"column":33},"end":{"line":159,"column":3}},"45":{"start":{"line":138,"column":4},"end":{"line":158,"column":null}},"46":{"start":{"line":139,"column":55},"end":{"line":139,"column":64}},"47":{"start":{"line":141,"column":21},"end":{"line":141,"column":57}},"48":{"start":{"line":143,"column":23},"end":{"line":145,"column":null}},"49":{"start":{"line":148,"column":6},"end":{"line":148,"column":25}},"50":{"start":{"line":150,"column":6},"end":{"line":157,"column":null}},"51":{"start":{"line":151,"column":27},"end":{"line":151,"column":46}},"52":{"start":{"line":152,"column":8},"end":{"line":154,"column":null}},"53":{"start":{"line":153,"column":10},"end":{"line":153,"column":57}},"54":{"start":{"line":156,"column":8},"end":{"line":156,"column":54}},"55":{"start":{"line":161,"column":33},"end":{"line":183,"column":3}},"56":{"start":{"line":162,"column":4},"end":{"line":182,"column":null}},"57":{"start":{"line":163,"column":54},"end":{"line":163,"column":63}},"58":{"start":{"line":165,"column":21},"end":{"line":165,"column":57}},"59":{"start":{"line":167,"column":23},"end":{"line":169,"column":null}},"60":{"start":{"line":172,"column":6},"end":{"line":172,"column":25}},"61":{"start":{"line":174,"column":6},"end":{"line":181,"column":null}},"62":{"start":{"line":175,"column":27},"end":{"line":175,"column":46}},"63":{"start":{"line":176,"column":8},"end":{"line":178,"column":null}},"64":{"start":{"line":177,"column":10},"end":{"line":177,"column":57}},"65":{"start":{"line":180,"column":8},"end":{"line":180,"column":54}},"66":{"start":{"line":185,"column":48},"end":{"line":233,"column":3}},"67":{"start":{"line":186,"column":4},"end":{"line":232,"column":null}},"68":{"start":{"line":187,"column":32},"end":{"line":190,"column":null}},"69":{"start":{"line":193,"column":40},"end":{"line":194,"column":null}},"70":{"start":{"line":197,"column":31},"end":{"line":197,"column":66}},"71":{"start":{"line":199,"column":35},"end":{"line":201,"column":null}},"72":{"start":{"line":204,"column":6},"end":{"line":208,"column":null}},"73":{"start":{"line":205,"column":8},"end":{"line":207,"column":10}},"74":{"start":{"line":210,"column":30},"end":{"line":210,"column":50}},"75":{"start":{"line":212,"column":24},"end":{"line":212,"column":52}},"76":{"start":{"line":214,"column":29},"end":{"line":214,"column":76}},"77":{"start":{"line":216,"column":6},"end":{"line":220,"column":null}},"78":{"start":{"line":217,"column":8},"end":{"line":219,"column":10}},"79":{"start":{"line":222,"column":6},"end":{"line":225,"column":9}},"80":{"start":{"line":227,"column":6},"end":{"line":231,"column":9}},"81":{"start":{"line":235,"column":37},"end":{"line":242,"column":3}},"82":{"start":{"line":239,"column":4},"end":{"line":241,"column":6}},"83":{"start":{"line":240,"column":27},"end":{"line":240,"column":73}},"84":{"start":{"line":244,"column":31},"end":{"line":248,"column":3}},"85":{"start":{"line":245,"column":4},"end":{"line":247,"column":6}},"86":{"start":{"line":246,"column":6},"end":{"line":246,"column":47}},"87":{"start":{"line":253,"column":0},"end":{"line":253,"column":23}}},"fnMap":{"0":{"name":"(anonymous_1)","decl":{"start":{"line":9,"column":2},"end":{"line":9,"column":null}},"loc":{"start":{"line":9,"column":2},"end":{"line":11,"column":3}}},"1":{"name":"(anonymous_2)","decl":{"start":{"line":13,"column":42},"end":{"line":13,"column":45}},"loc":{"start":{"line":13,"column":47},"end":{"line":21,"column":3}}},"2":{"name":"(anonymous_3)","decl":{"start":{"line":23,"column":28},"end":{"line":23,"column":33}},"loc":{"start":{"line":23,"column":66},"end":{"line":36,"column":3}}},"3":{"name":"(anonymous_4)","decl":{"start":{"line":38,"column":46},"end":{"line":38,"column":51}},"loc":{"start":{"line":38,"column":91},"end":{"line":51,"column":3}}},"4":{"name":"(anonymous_5)","decl":{"start":{"line":68,"column":24},"end":{"line":68,"column":29}},"loc":{"start":{"line":68,"column":77},"end":{"line":91,"column":3}}},"5":{"name":"(anonymous_6)","decl":{"start":{"line":94,"column":27},"end":{"line":94,"column":32}},"loc":{"start":{"line":94,"column":80},"end":{"line":134,"column":1}}},"6":{"name":"(anonymous_7)","decl":{"start":{"line":137,"column":33},"end":{"line":137,"column":38}},"loc":{"start":{"line":137,"column":86},"end":{"line":159,"column":3}}},"7":{"name":"(anonymous_8)","decl":{"start":{"line":161,"column":33},"end":{"line":161,"column":38}},"loc":{"start":{"line":161,"column":86},"end":{"line":183,"column":3}}},"8":{"name":"(anonymous_9)","decl":{"start":{"line":185,"column":48},"end":{"line":185,"column":53}},"loc":{"start":{"line":185,"column":90},"end":{"line":233,"column":3}}},"9":{"name":"(anonymous_10)","decl":{"start":{"line":235,"column":37},"end":{"line":235,"column":null}},"loc":{"start":{"line":238,"column":41},"end":{"line":242,"column":3}}},"10":{"name":"(anonymous_11)","decl":{"start":{"line":240,"column":6},"end":{"line":240,"column":7}},"loc":{"start":{"line":240,"column":27},"end":{"line":240,"column":73}}},"11":{"name":"(anonymous_12)","decl":{"start":{"line":244,"column":31},"end":{"line":244,"column":32}},"loc":{"start":{"line":244,"column":124},"end":{"line":248,"column":3}}},"12":{"name":"(anonymous_13)","decl":{"start":{"line":245,"column":28},"end":{"line":245,"column":29}},"loc":{"start":{"line":246,"column":6},"end":{"line":246,"column":47}}}},"branchMap":{"0":{"loc":{"start":{"line":123,"column":0},"end":{"line":132,"column":null}},"type":"if","locations":[{"start":{"line":123,"column":0},"end":{"line":132,"column":null}},{"start":{"line":130,"column":7},"end":{"line":132,"column":null}}]},"1":{"loc":{"start":{"line":125,"column":0},"end":{"line":129,"column":null}},"type":"if","locations":[{"start":{"line":125,"column":0},"end":{"line":129,"column":null}},{"start":{"line":127,"column":7},"end":{"line":129,"column":null}}]},"2":{"loc":{"start":{"line":150,"column":6},"end":{"line":157,"column":null}},"type":"if","locations":[{"start":{"line":150,"column":6},"end":{"line":157,"column":null}},{"start":{"line":155,"column":13},"end":{"line":157,"column":null}}]},"3":{"loc":{"start":{"line":152,"column":8},"end":{"line":154,"column":null}},"type":"if","locations":[{"start":{"line":152,"column":8},"end":{"line":154,"column":null}}]},"4":{"loc":{"start":{"line":174,"column":6},"end":{"line":181,"column":null}},"type":"if","locations":[{"start":{"line":174,"column":6},"end":{"line":181,"column":null}},{"start":{"line":179,"column":13},"end":{"line":181,"column":null}}]},"5":{"loc":{"start":{"line":176,"column":8},"end":{"line":178,"column":null}},"type":"if","locations":[{"start":{"line":176,"column":8},"end":{"line":178,"column":null}}]},"6":{"loc":{"start":{"line":194,"column":8},"end":{"line":194,"column":73}},"type":"binary-expr","locations":[{"start":{"line":194,"column":8},"end":{"line":194,"column":25}},{"start":{"line":194,"column":29},"end":{"line":194,"column":73}}]},"7":{"loc":{"start":{"line":204,"column":6},"end":{"line":208,"column":null}},"type":"if","locations":[{"start":{"line":204,"column":6},"end":{"line":208,"column":null}}]},"8":{"loc":{"start":{"line":216,"column":6},"end":{"line":220,"column":null}},"type":"if","locations":[{"start":{"line":216,"column":6},"end":{"line":220,"column":null}}]}},"s":{"0":2,"1":2,"2":2,"3":2,"4":2,"5":2,"6":2,"7":2,"8":0,"9":0,"10":0,"11":0,"12":0,"13":2,"14":2,"15":2,"16":2,"17":2,"18":0,"19":2,"20":0,"21":0,"22":0,"23":0,"24":0,"25":0,"26":2,"27":0,"28":0,"29":0,"30":0,"31":0,"32":0,"33":0,"34":0,"35":0,"36":0,"37":0,"38":0,"39":0,"40":0,"41":0,"42":0,"43":0,"44":2,"45":0,"46":0,"47":0,"48":0,"49":0,"50":0,"51":0,"52":0,"53":0,"54":0,"55":2,"56":0,"57":0,"58":0,"59":0,"60":0,"61":0,"62":0,"63":0,"64":0,"65":0,"66":2,"67":0,"68":0,"69":0,"70":0,"71":0,"72":0,"73":0,"74":0,"75":0,"76":0,"77":0,"78":0,"79":0,"80":0,"81":2,"82":0,"83":0,"84":2,"85":0,"86":0,"87":2},"f":{"0":2,"1":2,"2":0,"3":2,"4":0,"5":0,"6":0,"7":0,"8":0,"9":0,"10":0,"11":0,"12":0},"b":{"0":[0,0],"1":[0,0],"2":[0,0],"3":[0],"4":[0,0],"5":[0],"6":[0,0],"7":[0],"8":[0]}}
,"C:\\wamp64\\www\\backend-projet-master\\lib\\services\\Contact\\contact.config.ts": {"path":"C:\\wamp64\\www\\backend-projet-master\\lib\\services\\Contact\\contact.config.ts","statementMap":{"0":{"start":{"line":3,"column":13},"end":{"line":11,"column":2}}},"fnMap":{},"branchMap":{},"s":{"0":2},"f":{},"b":{}}
,"C:\\wamp64\\www\\backend-projet-master\\lib\\services\\Contact\\contact.service.ts": {"path":"C:\\wamp64\\www\\backend-projet-master\\lib\\services\\Contact\\contact.service.ts","statementMap":{"0":{"start":{"line":2,"column":0},"end":{"line":2,"column":41}},"1":{"start":{"line":3,"column":0},"end":{"line":3,"column":46}},"2":{"start":{"line":9,"column":4},"end":{"line":9,"column":62}},"3":{"start":{"line":13,"column":24},"end":{"line":18,"column":6}},"4":{"start":{"line":20,"column":30},"end":{"line":25,"column":4}},"5":{"start":{"line":28,"column":2},"end":{"line":28,"column":47}},"6":{"start":{"line":31,"column":2},"end":{"line":31,"column":53}},"7":{"start":{"line":5,"column":0},"end":{"line":5,"column":13}}},"fnMap":{"0":{"name":"(anonymous_6)","decl":{"start":{"line":8,"column":2},"end":{"line":8,"column":null}},"loc":{"start":{"line":8,"column":2},"end":{"line":10,"column":3}}},"1":{"name":"(anonymous_7)","decl":{"start":{"line":12,"column":2},"end":{"line":12,"column":7}},"loc":{"start":{"line":12,"column":41},"end":{"line":32,"column":1}}}},"branchMap":{},"s":{"0":2,"1":2,"2":0,"3":0,"4":0,"5":0,"6":0,"7":2},"f":{"0":0,"1":0},"b":{}}
,"C:\\wamp64\\www\\backend-projet-master\\lib\\services\\Core\\index.ts": {"path":"C:\\wamp64\\www\\backend-projet-master\\lib\\services\\Core\\index.ts","statementMap":{"0":{"start":{"line":1,"column":0},"end":{"line":1,"column":26}},"1":{"start":{"line":8,"column":4},"end":{"line":8,"column":61}},"2":{"start":{"line":12,"column":4},"end":{"line":12,"column":47}},"3":{"start":{"line":15,"column":22},"end":{"line":35,"column":3}},"4":{"start":{"line":23,"column":21},"end":{"line":28,"column":6}},"5":{"start":{"line":30,"column":4},"end":{"line":32,"column":null}},"6":{"start":{"line":31,"column":6},"end":{"line":31,"column":43}},"7":{"start":{"line":34,"column":4},"end":{"line":34,"column":25}},"8":{"start":{"line":37,"column":15},"end":{"line":39,"column":3}},"9":{"start":{"line":38,"column":4},"end":{"line":38,"column":69}},"10":{"start":{"line":41,"column":16},"end":{"line":43,"column":3}},"11":{"start":{"line":42,"column":4},"end":{"line":42,"column":76}},"12":{"start":{"line":45,"column":26},"end":{"line":61,"column":3}},"13":{"start":{"line":50,"column":18},"end":{"line":50,"column":36}},"14":{"start":{"line":52,"column":4},"end":{"line":54,"column":null}},"15":{"start":{"line":53,"column":6},"end":{"line":53,"column":55}},"16":{"start":{"line":56,"column":4},"end":{"line":58,"column":null}},"17":{"start":{"line":57,"column":6},"end":{"line":57,"column":23}},"18":{"start":{"line":60,"column":4},"end":{"line":60,"column":22}},"19":{"start":{"line":64,"column":0},"end":{"line":64,"column":20}}},"fnMap":{"0":{"name":"(anonymous_1)","decl":{"start":{"line":5,"column":2},"end":{"line":5,"column":17}},"loc":{"start":{"line":5,"column":2},"end":{"line":5,"column":18}}},"1":{"name":"(anonymous_2)","decl":{"start":{"line":7,"column":9},"end":{"line":7,"column":17}},"loc":{"start":{"line":7,"column":28},"end":{"line":9,"column":3}}},"2":{"name":"(anonymous_3)","decl":{"start":{"line":11,"column":9},"end":{"line":11,"column":19}},"loc":{"start":{"line":11,"column":35},"end":{"line":13,"column":3}}},"3":{"name":"(anonymous_4)","decl":{"start":{"line":15,"column":22},"end":{"line":15,"column":27}},"loc":{"start":{"line":22,"column":25},"end":{"line":35,"column":3}}},"4":{"name":"(anonymous_5)","decl":{"start":{"line":37,"column":15},"end":{"line":37,"column":20}},"loc":{"start":{"line":37,"column":66},"end":{"line":39,"column":3}}},"5":{"name":"(anonymous_6)","decl":{"start":{"line":41,"column":16},"end":{"line":41,"column":21}},"loc":{"start":{"line":41,"column":78},"end":{"line":43,"column":3}}},"6":{"name":"(anonymous_7)","decl":{"start":{"line":45,"column":26},"end":{"line":45,"column":null}},"loc":{"start":{"line":49,"column":26},"end":{"line":61,"column":3}}}},"branchMap":{"0":{"loc":{"start":{"line":18,"column":4},"end":{"line":20,"column":null}},"type":"default-arg","locations":[{"start":{"line":18,"column":19},"end":{"line":20,"column":null}}]},"1":{"loc":{"start":{"line":21,"column":4},"end":{"line":21,"column":18}},"type":"default-arg","locations":[{"start":{"line":21,"column":16},"end":{"line":21,"column":18}}]},"2":{"loc":{"start":{"line":30,"column":4},"end":{"line":32,"column":null}},"type":"if","locations":[{"start":{"line":30,"column":4},"end":{"line":32,"column":null}}]},"3":{"loc":{"start":{"line":37,"column":38},"end":{"line":37,"column":50}},"type":"default-arg","locations":[{"start":{"line":37,"column":48},"end":{"line":37,"column":50}}]},"4":{"loc":{"start":{"line":41,"column":39},"end":{"line":41,"column":51}},"type":"default-arg","locations":[{"start":{"line":41,"column":49},"end":{"line":41,"column":51}}]},"5":{"loc":{"start":{"line":48,"column":4},"end":{"line":48,"column":21}},"type":"default-arg","locations":[{"start":{"line":48,"column":17},"end":{"line":48,"column":21}}]},"6":{"loc":{"start":{"line":52,"column":4},"end":{"line":54,"column":null}},"type":"if","locations":[{"start":{"line":52,"column":4},"end":{"line":54,"column":null}}]},"7":{"loc":{"start":{"line":52,"column":8},"end":{"line":52,"column":28}},"type":"binary-expr","locations":[{"start":{"line":52,"column":8},"end":{"line":52,"column":14}},{"start":{"line":52,"column":18},"end":{"line":52,"column":28}}]},"8":{"loc":{"start":{"line":56,"column":4},"end":{"line":58,"column":null}},"type":"if","locations":[{"start":{"line":56,"column":4},"end":{"line":58,"column":null}}]},"9":{"loc":{"start":{"line":56,"column":8},"end":{"line":56,"column":29}},"type":"binary-expr","locations":[{"start":{"line":56,"column":8},"end":{"line":56,"column":14}},{"start":{"line":56,"column":18},"end":{"line":56,"column":29}}]}},"s":{"0":2,"1":0,"2":0,"3":2,"4":2,"5":2,"6":0,"7":2,"8":2,"9":2,"10":2,"11":0,"12":2,"13":0,"14":0,"15":0,"16":0,"17":0,"18":0,"19":2},"f":{"0":2,"1":0,"2":0,"3":2,"4":2,"5":0,"6":0},"b":{"0":[0],"1":[2],"2":[0],"3":[0],"4":[0],"5":[0],"6":[0],"7":[0,0],"8":[0],"9":[0,0]}}
,"C:\\wamp64\\www\\backend-projet-master\\lib\\services\\Database\\database.config.ts": {"path":"C:\\wamp64\\www\\backend-projet-master\\lib\\services\\Database\\database.config.ts","statementMap":{"0":{"start":{"line":3,"column":41},"end":{"line":8,"column":2}},"1":{"start":{"line":10,"column":0},"end":{"line":10,"column":25}}},"fnMap":{},"branchMap":{},"s":{"0":2,"1":2},"f":{},"b":{}}
,"C:\\wamp64\\www\\backend-projet-master\\lib\\services\\Database\\index.ts": {"path":"C:\\wamp64\\www\\backend-projet-master\\lib\\services\\Database\\index.ts","statementMap":{"0":{"start":{"line":1,"column":0},"end":{"line":1,"column":27}},"1":{"start":{"line":2,"column":0},"end":{"line":2,"column":42}},"2":{"start":{"line":4,"column":0},"end":{"line":4,"column":26}},"3":{"start":{"line":10,"column":4},"end":{"line":10,"column":12}},"4":{"start":{"line":11,"column":4},"end":{"line":11,"column":28}},"5":{"start":{"line":12,"column":4},"end":{"line":12,"column":37}},"6":{"start":{"line":16,"column":23},"end":{"line":21,"column":6}},"7":{"start":{"line":23,"column":4},"end":{"line":27,"column":7}},"8":{"start":{"line":24,"column":6},"end":{"line":26,"column":null}},"9":{"start":{"line":25,"column":8},"end":{"line":25,"column":73}},"10":{"start":{"line":29,"column":4},"end":{"line":29,"column":22}},"11":{"start":{"line":33,"column":4},"end":{"line":38,"column":7}},"12":{"start":{"line":34,"column":6},"end":{"line":37,"column":9}},"13":{"start":{"line":35,"column":8},"end":{"line":35,"column":29}},"14":{"start":{"line":35,"column":17},"end":{"line":35,"column":29}},"15":{"start":{"line":36,"column":8},"end":{"line":36,"column":24}},"16":{"start":{"line":42,"column":0},"end":{"line":42,"column":24}}},"fnMap":{"0":{"name":"(anonymous_1)","decl":{"start":{"line":9,"column":2},"end":{"line":9,"column":null}},"loc":{"start":{"line":9,"column":2},"end":{"line":13,"column":3}}},"1":{"name":"(anonymous_2)","decl":{"start":{"line":15,"column":10},"end":{"line":15,"column":17}},"loc":{"start":{"line":15,"column":17},"end":{"line":30,"column":3}}},"2":{"name":"(anonymous_3)","decl":{"start":{"line":23,"column":23},"end":{"line":23,"column":24}},"loc":{"start":{"line":23,"column":31},"end":{"line":27,"column":5}}},"3":{"name":"(anonymous_4)","decl":{"start":{"line":32,"column":9},"end":{"line":32,"column":14}},"loc":{"start":{"line":32,"column":34},"end":{"line":39,"column":3}}},"4":{"name":"(anonymous_5)","decl":{"start":{"line":33,"column":23},"end":{"line":33,"column":24}},"loc":{"start":{"line":33,"column":43},"end":{"line":38,"column":5}}},"5":{"name":"(anonymous_6)","decl":{"start":{"line":34,"column":35},"end":{"line":34,"column":36}},"loc":{"start":{"line":34,"column":51},"end":{"line":37,"column":7}}}},"branchMap":{"0":{"loc":{"start":{"line":24,"column":6},"end":{"line":26,"column":null}},"type":"if","locations":[{"start":{"line":24,"column":6},"end":{"line":26,"column":null}}]},"1":{"loc":{"start":{"line":35,"column":8},"end":{"line":35,"column":29}},"type":"if","locations":[{"start":{"line":35,"column":8},"end":{"line":35,"column":29}}]}},"s":{"0":2,"1":2,"2":2,"3":0,"4":0,"5":0,"6":0,"7":0,"8":0,"9":0,"10":0,"11":0,"12":0,"13":0,"14":0,"15":0,"16":2},"f":{"0":0,"1":0,"2":0,"3":0,"4":0,"5":0},"b":{"0":[0],"1":[0]}}
,"C:\\wamp64\\www\\backend-projet-master\\lib\\services\\Mail\\mail.config.ts": {"path":"C:\\wamp64\\www\\backend-projet-master\\lib\\services\\Mail\\mail.config.ts","statementMap":{"0":{"start":{"line":3,"column":23},"end":{"line":3,"column":45}},"1":{"start":{"line":5,"column":2},"end":{"line":5,"column":68}},"2":{"start":{"line":6,"column":21},"end":{"line":6,"column":73}},"3":{"start":{"line":8,"column":2},"end":{"line":9,"column":26}},"4":{"start":{"line":11,"column":45},"end":{"line":16,"column":2}},"5":{"start":{"line":18,"column":0},"end":{"line":18,"column":33}}},"fnMap":{},"branchMap":{"0":{"loc":{"start":{"line":5,"column":2},"end":{"line":5,"column":68}},"type":"binary-expr","locations":[{"start":{"line":5,"column":2},"end":{"line":5,"column":25}},{"start":{"line":5,"column":29},"end":{"line":5,"column":68}}]},"1":{"loc":{"start":{"line":6,"column":21},"end":{"line":6,"column":73}},"type":"binary-expr","locations":[{"start":{"line":6,"column":21},"end":{"line":6,"column":46}},{"start":{"line":6,"column":50},"end":{"line":6,"column":73}}]},"2":{"loc":{"start":{"line":8,"column":2},"end":{"line":9,"column":26}},"type":"binary-expr","locations":[{"start":{"line":8,"column":2},"end":{"line":8,"column":34}},{"start":{"line":9,"column":2},"end":{"line":9,"column":26}}]}},"s":{"0":2,"1":2,"2":2,"3":2,"4":2,"5":2},"f":{},"b":{"0":[2,2],"1":[2,2],"2":[2,2]}}
,"C:\\wamp64\\www\\backend-projet-master\\lib\\services\\Mail\\mail.service.ts": {"path":"C:\\wamp64\\www\\backend-projet-master\\lib\\services\\Mail\\mail.service.ts","statementMap":{"0":{"start":{"line":1,"column":0},"end":{"line":1,"column":27}},"1":{"start":{"line":8,"column":0},"end":{"line":8,"column":46}},"2":{"start":{"line":9,"column":0},"end":{"line":9,"column":44}},"3":{"start":{"line":18,"column":4},"end":{"line":18,"column":12}},"4":{"start":{"line":19,"column":4},"end":{"line":19,"column":55}},"5":{"start":{"line":20,"column":4},"end":{"line":20,"column":51}},"6":{"start":{"line":21,"column":4},"end":{"line":21,"column":47}},"7":{"start":{"line":22,"column":4},"end":{"line":22,"column":69}},"8":{"start":{"line":23,"column":4},"end":{"line":23,"column":37}},"9":{"start":{"line":26,"column":35},"end":{"line":50,"column":3}},"10":{"start":{"line":30,"column":4},"end":{"line":49,"column":null}},"11":{"start":{"line":31,"column":22},"end":{"line":31,"column":56}},"12":{"start":{"line":32,"column":25},"end":{"line":32,"column":58}},"13":{"start":{"line":34,"column":6},"end":{"line":34,"column":44}},"14":{"start":{"line":35,"column":6},"end":{"line":35,"column":32}},"15":{"start":{"line":37,"column":42},"end":{"line":44,"column":8}},"16":{"start":{"line":46,"column":6},"end":{"line":46,"column":45}},"17":{"start":{"line":48,"column":6},"end":{"line":48,"column":27}},"18":{"start":{"line":52,"column":32},"end":{"line":67,"column":3}},"19":{"start":{"line":55,"column":20},"end":{"line":55,"column":60}},"20":{"start":{"line":57,"column":4},"end":{"line":57,"column":36}},"21":{"start":{"line":59,"column":20},"end":{"line":62,"column":6}},"22":{"start":{"line":64,"column":4},"end":{"line":64,"column":72}},"23":{"start":{"line":66,"column":4},"end":{"line":66,"column":74}},"24":{"start":{"line":69,"column":40},"end":{"line":90,"column":3}},"25":{"start":{"line":70,"column":46},"end":{"line":70,"column":52}},"26":{"start":{"line":72,"column":24},"end":{"line":72,"column":68}},"27":{"start":{"line":74,"column":25},"end":{"line":87,"column":6}},"28":{"start":{"line":89,"column":4},"end":{"line":89,"column":19}},"29":{"start":{"line":92,"column":48},"end":{"line":96,"column":3}},"30":{"start":{"line":95,"column":4},"end":{"line":95,"column":54}},"31":{"start":{"line":95,"column":42},"end":{"line":95,"column":51}},"32":{"start":{"line":99,"column":0},"end":{"line":99,"column":20}}},"fnMap":{"0":{"name":"(anonymous_1)","decl":{"start":{"line":17,"column":2},"end":{"line":17,"column":null}},"loc":{"start":{"line":17,"column":2},"end":{"line":24,"column":3}}},"1":{"name":"(anonymous_2)","decl":{"start":{"line":26,"column":35},"end":{"line":26,"column":40}},"loc":{"start":{"line":29,"column":21},"end":{"line":50,"column":3}}},"2":{"name":"(anonymous_3)","decl":{"start":{"line":52,"column":32},"end":{"line":52,"column":37}},"loc":{"start":{"line":54,"column":21},"end":{"line":67,"column":3}}},"3":{"name":"(anonymous_4)","decl":{"start":{"line":69,"column":40},"end":{"line":69,"column":41}},"loc":{"start":{"line":69,"column":77},"end":{"line":90,"column":3}}},"4":{"name":"(anonymous_5)","decl":{"start":{"line":92,"column":48},"end":{"line":92,"column":null}},"loc":{"start":{"line":94,"column":34},"end":{"line":96,"column":3}}},"5":{"name":"(anonymous_6)","decl":{"start":{"line":95,"column":22},"end":{"line":95,"column":23}},"loc":{"start":{"line":95,"column":42},"end":{"line":95,"column":51}}}},"branchMap":{},"s":{"0":2,"1":2,"2":2,"3":0,"4":0,"5":0,"6":0,"7":0,"8":0,"9":0,"10":0,"11":0,"12":0,"13":0,"14":0,"15":0,"16":0,"17":0,"18":0,"19":0,"20":0,"21":0,"22":0,"23":0,"24":0,"25":0,"26":0,"27":0,"28":0,"29":0,"30":0,"31":0,"32":2},"f":{"0":0,"1":0,"2":0,"3":0,"4":0,"5":0},"b":{}}
,"C:\\wamp64\\www\\backend-projet-master\\lib\\services\\Mail\\mail.templates.ts": {"path":"C:\\wamp64\\www\\backend-projet-master\\lib\\services\\Mail\\mail.templates.ts","statementMap":{"0":{"start":{"line":3,"column":32},"end":{"line":3,"column":78}},"1":{"start":{"line":5,"column":39},"end":{"line":7,"column":2}},"2":{"start":{"line":9,"column":0},"end":{"line":9,"column":28}}},"fnMap":{},"branchMap":{"0":{"loc":{"start":{"line":3,"column":32},"end":{"line":3,"column":78}},"type":"binary-expr","locations":[{"start":{"line":3,"column":32},"end":{"line":3,"column":72}},{"start":{"line":3,"column":76},"end":{"line":3,"column":78}}]}},"s":{"0":2,"1":2,"2":2},"f":{},"b":{"0":[2,2]}}
,"C:\\wamp64\\www\\backend-projet-master\\lib\\services\\Practitioner\\index.ts": {"path":"C:\\wamp64\\www\\backend-projet-master\\lib\\services\\Practitioner\\index.ts","statementMap":{"0":{"start":{"line":1,"column":0},"end":{"line":1,"column":27}},"1":{"start":{"line":4,"column":0},"end":{"line":4,"column":35}},"2":{"start":{"line":5,"column":0},"end":{"line":5,"column":40}},"3":{"start":{"line":10,"column":4},"end":{"line":10,"column":12}},"4":{"start":{"line":11,"column":4},"end":{"line":11,"column":34}},"5":{"start":{"line":15,"column":4},"end":{"line":35,"column":null}},"6":{"start":{"line":16,"column":49},"end":{"line":16,"column":57}},"7":{"start":{"line":18,"column":6},"end":{"line":18,"column":35}},"8":{"start":{"line":20,"column":30},"end":{"line":20,"column":56}},"9":{"start":{"line":24,"column":6},"end":{"line":24,"column":47}},"10":{"start":{"line":26,"column":6},"end":{"line":29,"column":9}},"11":{"start":{"line":31,"column":6},"end":{"line":34,"column":9}},"12":{"start":{"line":38,"column":25},"end":{"line":62,"column":3}},"13":{"start":{"line":39,"column":4},"end":{"line":61,"column":null}},"14":{"start":{"line":40,"column":23},"end":{"line":47,"column":8}},"15":{"start":{"line":49,"column":6},"end":{"line":49,"column":40}},"16":{"start":{"line":51,"column":6},"end":{"line":58,"column":8}},"17":{"start":{"line":60,"column":6},"end":{"line":60,"column":23}},"18":{"start":{"line":65,"column":28},"end":{"line":67,"column":null}},"19":{"start":{"line":70,"column":28},"end":{"line":72,"column":null}},"20":{"start":{"line":75,"column":4},"end":{"line":77,"column":null}},"21":{"start":{"line":76,"column":6},"end":{"line":76,"column":63}},"22":{"start":{"line":78,"column":4},"end":{"line":80,"column":null}},"23":{"start":{"line":79,"column":6},"end":{"line":79,"column":66}},"24":{"start":{"line":81,"column":4},"end":{"line":83,"column":null}},"25":{"start":{"line":82,"column":6},"end":{"line":82,"column":43}},"26":{"start":{"line":84,"column":4},"end":{"line":86,"column":null}},"27":{"start":{"line":85,"column":6},"end":{"line":85,"column":57}},"28":{"start":{"line":87,"column":4},"end":{"line":89,"column":null}},"29":{"start":{"line":88,"column":6},"end":{"line":88,"column":67}},"30":{"start":{"line":93,"column":4},"end":{"line":102,"column":6}},"31":{"start":{"line":105,"column":27},"end":{"line":117,"column":3}},"32":{"start":{"line":106,"column":4},"end":{"line":116,"column":null}},"33":{"start":{"line":107,"column":30},"end":{"line":107,"column":44}},"34":{"start":{"line":109,"column":6},"end":{"line":111,"column":8}},"35":{"start":{"line":113,"column":6},"end":{"line":113,"column":23}},"36":{"start":{"line":115,"column":6},"end":{"line":115,"column":80}},"37":{"start":{"line":120,"column":0},"end":{"line":120,"column":35}}},"fnMap":{"0":{"name":"(anonymous_1)","decl":{"start":{"line":9,"column":2},"end":{"line":9,"column":null}},"loc":{"start":{"line":9,"column":2},"end":{"line":12,"column":3}}},"1":{"name":"(anonymous_2)","decl":{"start":{"line":14,"column":9},"end":{"line":14,"column":14}},"loc":{"start":{"line":14,"column":49},"end":{"line":36,"column":3}}},"2":{"name":"(anonymous_3)","decl":{"start":{"line":38,"column":25},"end":{"line":38,"column":30}},"loc":{"start":{"line":38,"column":77},"end":{"line":62,"column":3}}},"3":{"name":"(anonymous_4)","decl":{"start":{"line":64,"column":10},"end":{"line":64,"column":23}},"loc":{"start":{"line":64,"column":51},"end":{"line":90,"column":3}}},"4":{"name":"(anonymous_5)","decl":{"start":{"line":92,"column":10},"end":{"line":92,"column":21}},"loc":{"start":{"line":92,"column":49},"end":{"line":103,"column":3}}},"5":{"name":"(anonymous_6)","decl":{"start":{"line":105,"column":27},"end":{"line":105,"column":32}},"loc":{"start":{"line":105,"column":65},"end":{"line":117,"column":3}}}},"branchMap":{"0":{"loc":{"start":{"line":75,"column":4},"end":{"line":77,"column":null}},"type":"if","locations":[{"start":{"line":75,"column":4},"end":{"line":77,"column":null}}]},"1":{"loc":{"start":{"line":75,"column":8},"end":{"line":75,"column":55}},"type":"binary-expr","locations":[{"start":{"line":75,"column":8},"end":{"line":75,"column":29}},{"start":{"line":75,"column":33},"end":{"line":75,"column":55}}]},"2":{"loc":{"start":{"line":78,"column":4},"end":{"line":80,"column":null}},"type":"if","locations":[{"start":{"line":78,"column":4},"end":{"line":80,"column":null}}]},"3":{"loc":{"start":{"line":78,"column":8},"end":{"line":78,"column":57}},"type":"binary-expr","locations":[{"start":{"line":78,"column":8},"end":{"line":78,"column":30}},{"start":{"line":78,"column":34},"end":{"line":78,"column":57}}]},"4":{"loc":{"start":{"line":81,"column":4},"end":{"line":83,"column":null}},"type":"if","locations":[{"start":{"line":81,"column":4},"end":{"line":83,"column":null}}]},"5":{"loc":{"start":{"line":84,"column":4},"end":{"line":86,"column":null}},"type":"if","locations":[{"start":{"line":84,"column":4},"end":{"line":86,"column":null}}]},"6":{"loc":{"start":{"line":87,"column":4},"end":{"line":89,"column":null}},"type":"if","locations":[{"start":{"line":87,"column":4},"end":{"line":89,"column":null}}]},"7":{"loc":{"start":{"line":87,"column":8},"end":{"line":87,"column":53}},"type":"binary-expr","locations":[{"start":{"line":87,"column":8},"end":{"line":87,"column":28}},{"start":{"line":87,"column":32},"end":{"line":87,"column":53}}]}},"s":{"0":2,"1":2,"2":2,"3":0,"4":0,"5":0,"6":0,"7":0,"8":0,"9":0,"10":0,"11":0,"12":0,"13":0,"14":0,"15":0,"16":0,"17":0,"18":0,"19":0,"20":0,"21":0,"22":0,"23":0,"24":0,"25":0,"26":0,"27":0,"28":0,"29":0,"30":0,"31":0,"32":0,"33":0,"34":0,"35":0,"36":0,"37":2},"f":{"0":0,"1":0,"2":0,"3":0,"4":0,"5":0},"b":{"0":[0],"1":[0,0],"2":[0],"3":[0,0],"4":[0],"5":[0],"6":[0],"7":[0,0]}}
}
