TN:
SF:lib\index.ts
FN:22,(anonymous_1)
FN:27,(anonymous_2)
FN:32,(anonymous_3)
FN:47,(anonymous_4)
FN:52,(anonymous_5)
FN:62,(anonymous_6)
FN:69,(anonymous_7)
FN:71,(anonymous_8)
FN:79,(anonymous_9)
FN:91,(anonymous_10)
FNF:10
FNH:1
FNDA:0,(anonymous_1)
FNDA:0,(anonymous_2)
FNDA:0,(anonymous_3)
FNDA:0,(anonymous_4)
FNDA:2,(anonymous_5)
FNDA:0,(anonymous_6)
FNDA:0,(anonymous_7)
FNDA:0,(anonymous_8)
FNDA:0,(anonymous_9)
FNDA:0,(anonymous_10)
DA:1,2
DA:3,2
DA:4,2
DA:5,2
DA:6,2
DA:9,2
DA:11,2
DA:13,2
DA:14,0
DA:15,0
DA:17,2
DA:19,2
DA:20,2
DA:22,2
DA:23,0
DA:24,0
DA:27,2
DA:28,0
DA:29,0
DA:32,2
DA:33,0
DA:34,0
DA:47,2
DA:48,0
DA:49,0
DA:52,2
DA:53,2
DA:54,2
DA:55,2
DA:56,2
DA:58,0
DA:62,2
DA:63,0
DA:64,0
DA:65,0
DA:66,0
DA:69,2
DA:70,0
DA:71,0
DA:72,0
DA:73,0
DA:76,0
DA:79,2
DA:81,0
DA:82,0
DA:83,0
DA:84,0
DA:86,0
DA:87,0
DA:91,2
DA:92,0
DA:93,0
DA:102,2
LF:53
LH:25
BRDA:13,0,0,0
BRDA:72,1,0,0
BRDA:72,2,0,0
BRDA:72,2,1,0
BRDA:72,2,2,0
BRF:5
BRH:0
end_of_record
TN:
SF:lib\services\Booking\booking.config.ts
FNF:0
FNH:0
DA:1,2
DA:4,2
DA:13,2
LF:3
LH:3
BRDA:5,0,0,2
BRDA:5,0,1,0
BRDA:6,1,0,2
BRDA:6,1,1,0
BRDA:8,2,0,2
BRDA:8,2,1,2
BRDA:10,3,0,2
BRDA:10,3,1,0
BRF:8
BRH:5
end_of_record
TN:
SF:lib\services\Booking\index.ts
FN:9,(anonymous_1)
FN:13,(anonymous_2)
FN:23,(anonymous_3)
FN:38,(anonymous_4)
FN:68,(anonymous_5)
FN:94,(anonymous_6)
FN:137,(anonymous_7)
FN:161,(anonymous_8)
FN:185,(anonymous_9)
FN:235,(anonymous_10)
FN:240,(anonymous_11)
FN:244,(anonymous_12)
FN:245,(anonymous_13)
FNF:13
FNH:3
FNDA:2,(anonymous_1)
FNDA:2,(anonymous_2)
FNDA:0,(anonymous_3)
FNDA:2,(anonymous_4)
FNDA:0,(anonymous_5)
FNDA:0,(anonymous_6)
FNDA:0,(anonymous_7)
FNDA:0,(anonymous_8)
FNDA:0,(anonymous_9)
FNDA:0,(anonymous_10)
FNDA:0,(anonymous_11)
FNDA:0,(anonymous_12)
FNDA:0,(anonymous_13)
DA:2,2
DA:3,2
DA:6,2
DA:10,2
DA:13,2
DA:14,2
DA:18,2
DA:23,2
DA:24,0
DA:25,0
DA:27,0
DA:32,0
DA:34,0
DA:38,2
DA:39,2
DA:40,2
DA:42,2
DA:47,2
DA:49,0
DA:68,2
DA:69,0
DA:70,0
DA:72,0
DA:79,0
DA:81,0
DA:87,0
DA:94,2
DA:95,0
DA:96,0
DA:99,0
DA:100,0
DA:102,0
DA:111,0
DA:112,0
DA:113,0
DA:114,0
DA:120,0
DA:121,0
DA:123,0
DA:124,0
DA:125,0
DA:126,0
DA:128,0
DA:131,0
DA:137,2
DA:138,0
DA:139,0
DA:141,0
DA:143,0
DA:148,0
DA:150,0
DA:151,0
DA:152,0
DA:153,0
DA:156,0
DA:161,2
DA:162,0
DA:163,0
DA:165,0
DA:167,0
DA:172,0
DA:174,0
DA:175,0
DA:176,0
DA:177,0
DA:180,0
DA:185,2
DA:186,0
DA:187,0
DA:193,0
DA:197,0
DA:199,0
DA:204,0
DA:205,0
DA:210,0
DA:212,0
DA:214,0
DA:216,0
DA:217,0
DA:222,0
DA:227,0
DA:235,2
DA:239,0
DA:240,0
DA:244,2
DA:245,0
DA:246,0
DA:253,2
LF:88
LH:21
BRDA:123,0,0,0
BRDA:123,0,1,0
BRDA:125,1,0,0
BRDA:125,1,1,0
BRDA:150,2,0,0
BRDA:150,2,1,0
BRDA:152,3,0,0
BRDA:174,4,0,0
BRDA:174,4,1,0
BRDA:176,5,0,0
BRDA:194,6,0,0
BRDA:194,6,1,0
BRDA:204,7,0,0
BRDA:216,8,0,0
BRF:14
BRH:0
end_of_record
TN:
SF:lib\services\Contact\contact.config.ts
FNF:0
FNH:0
DA:3,2
LF:1
LH:1
BRF:0
BRH:0
end_of_record
TN:
SF:lib\services\Contact\contact.service.ts
FN:8,(anonymous_6)
FN:12,(anonymous_7)
FNF:2
FNH:0
FNDA:0,(anonymous_6)
FNDA:0,(anonymous_7)
DA:2,2
DA:3,2
DA:5,2
DA:9,0
DA:13,0
DA:20,0
DA:28,0
DA:31,0
LF:8
LH:3
BRF:0
BRH:0
end_of_record
TN:
SF:lib\services\Core\index.ts
FN:5,(anonymous_1)
FN:7,(anonymous_2)
FN:11,(anonymous_3)
FN:15,(anonymous_4)
FN:37,(anonymous_5)
FN:41,(anonymous_6)
FN:45,(anonymous_7)
FNF:7
FNH:3
FNDA:2,(anonymous_1)
FNDA:0,(anonymous_2)
FNDA:0,(anonymous_3)
FNDA:2,(anonymous_4)
FNDA:2,(anonymous_5)
FNDA:0,(anonymous_6)
FNDA:0,(anonymous_7)
DA:1,2
DA:8,0
DA:12,0
DA:15,2
DA:23,2
DA:30,2
DA:31,0
DA:34,2
DA:37,2
DA:38,2
DA:41,2
DA:42,0
DA:45,2
DA:50,0
DA:52,0
DA:53,0
DA:56,0
DA:57,0
DA:60,0
DA:64,2
LF:20
LH:10
BRDA:18,0,0,0
BRDA:21,1,0,2
BRDA:30,2,0,0
BRDA:37,3,0,0
BRDA:41,4,0,0
BRDA:48,5,0,0
BRDA:52,6,0,0
BRDA:52,7,0,0
BRDA:52,7,1,0
BRDA:56,8,0,0
BRDA:56,9,0,0
BRDA:56,9,1,0
BRF:12
BRH:1
end_of_record
TN:
SF:lib\services\Database\database.config.ts
FNF:0
FNH:0
DA:3,2
DA:10,2
LF:2
LH:2
BRF:0
BRH:0
end_of_record
TN:
SF:lib\services\Database\index.ts
FN:9,(anonymous_1)
FN:15,(anonymous_2)
FN:23,(anonymous_3)
FN:32,(anonymous_4)
FN:33,(anonymous_5)
FN:34,(anonymous_6)
FNF:6
FNH:0
FNDA:0,(anonymous_1)
FNDA:0,(anonymous_2)
FNDA:0,(anonymous_3)
FNDA:0,(anonymous_4)
FNDA:0,(anonymous_5)
FNDA:0,(anonymous_6)
DA:1,2
DA:2,2
DA:4,2
DA:10,0
DA:11,0
DA:12,0
DA:16,0
DA:23,0
DA:24,0
DA:25,0
DA:29,0
DA:33,0
DA:34,0
DA:35,0
DA:36,0
DA:42,2
LF:16
LH:4
BRDA:24,0,0,0
BRDA:35,1,0,0
BRF:2
BRH:0
end_of_record
TN:
SF:lib\services\Mail\mail.config.ts
FNF:0
FNH:0
DA:3,2
DA:5,2
DA:6,2
DA:8,2
DA:11,2
DA:18,2
LF:6
LH:6
BRDA:5,0,0,2
BRDA:5,0,1,2
BRDA:6,1,0,2
BRDA:6,1,1,2
BRDA:8,2,0,2
BRDA:8,2,1,2
BRF:6
BRH:6
end_of_record
TN:
SF:lib\services\Mail\mail.service.ts
FN:17,(anonymous_1)
FN:26,(anonymous_2)
FN:52,(anonymous_3)
FN:69,(anonymous_4)
FN:92,(anonymous_5)
FN:95,(anonymous_6)
FNF:6
FNH:0
FNDA:0,(anonymous_1)
FNDA:0,(anonymous_2)
FNDA:0,(anonymous_3)
FNDA:0,(anonymous_4)
FNDA:0,(anonymous_5)
FNDA:0,(anonymous_6)
DA:1,2
DA:8,2
DA:9,2
DA:18,0
DA:19,0
DA:20,0
DA:21,0
DA:22,0
DA:23,0
DA:26,0
DA:30,0
DA:31,0
DA:32,0
DA:34,0
DA:35,0
DA:37,0
DA:46,0
DA:48,0
DA:52,0
DA:55,0
DA:57,0
DA:59,0
DA:64,0
DA:66,0
DA:69,0
DA:70,0
DA:72,0
DA:74,0
DA:89,0
DA:92,0
DA:95,0
DA:99,2
LF:32
LH:4
BRF:0
BRH:0
end_of_record
TN:
SF:lib\services\Mail\mail.templates.ts
FNF:0
FNH:0
DA:3,2
DA:5,2
DA:9,2
LF:3
LH:3
BRDA:3,0,0,2
BRDA:3,0,1,2
BRF:2
BRH:2
end_of_record
TN:
SF:lib\services\Practitioner\index.ts
FN:9,(anonymous_1)
FN:14,(anonymous_2)
FN:38,(anonymous_3)
FN:64,(anonymous_4)
FN:92,(anonymous_5)
FN:105,(anonymous_6)
FNF:6
FNH:0
FNDA:0,(anonymous_1)
FNDA:0,(anonymous_2)
FNDA:0,(anonymous_3)
FNDA:0,(anonymous_4)
FNDA:0,(anonymous_5)
FNDA:0,(anonymous_6)
DA:1,2
DA:4,2
DA:5,2
DA:10,0
DA:11,0
DA:15,0
DA:16,0
DA:18,0
DA:20,0
DA:24,0
DA:26,0
DA:31,0
DA:38,0
DA:39,0
DA:40,0
DA:49,0
DA:51,0
DA:60,0
DA:65,0
DA:70,0
DA:75,0
DA:76,0
DA:78,0
DA:79,0
DA:81,0
DA:82,0
DA:84,0
DA:85,0
DA:87,0
DA:88,0
DA:93,0
DA:105,0
DA:106,0
DA:107,0
DA:109,0
DA:113,0
DA:115,0
DA:120,2
LF:38
LH:4
BRDA:75,0,0,0
BRDA:75,1,0,0
BRDA:75,1,1,0
BRDA:78,2,0,0
BRDA:78,3,0,0
BRDA:78,3,1,0
BRDA:81,4,0,0
BRDA:84,5,0,0
BRDA:87,6,0,0
BRDA:87,7,0,0
BRDA:87,7,1,0
BRF:11
BRH:0
end_of_record
